{"name":"hexo","hostname":"iZfc2jtst7vunbZ","pid":2788,"level":20,"msg":"Writing database to C:\\Users\\Administrator\\Desktop\\hexo\\blog\\allen-hexo/db.json","time":"2020-02-10T10:47:03.976Z","v":0}
{"name":"hexo","hostname":"iZfc2jtst7vunbZ","pid":2788,"level":20,"msg":"Hexo version: \u001b[35m4.2.0\u001b[39m","time":"2020-02-10T10:47:04.003Z","v":0}
{"name":"hexo","hostname":"iZfc2jtst7vunbZ","pid":2788,"level":20,"msg":"Working directory: \u001b[35m~\\Desktop\\hexo\\blog\\allen-hexo\\\u001b[39m","time":"2020-02-10T10:47:04.004Z","v":0}
{"name":"hexo","hostname":"iZfc2jtst7vunbZ","pid":2788,"level":20,"msg":"Config loaded: \u001b[35m~\\Desktop\\hexo\\blog\\allen-hexo\\_config.yml\u001b[39m","time":"2020-02-10T10:47:04.194Z","v":0}
{"name":"hexo","hostname":"iZfc2jtst7vunbZ","pid":2788,"level":20,"msg":"Plugin loaded: \u001b[35mhexo-generator-archive\u001b[39m","time":"2020-02-10T10:47:04.235Z","v":0}
{"name":"hexo","hostname":"iZfc2jtst7vunbZ","pid":2788,"level":20,"msg":"Plugin loaded: \u001b[35mhexo-generator-category\u001b[39m","time":"2020-02-10T10:47:04.242Z","v":0}
{"name":"hexo","hostname":"iZfc2jtst7vunbZ","pid":2788,"level":20,"msg":"Plugin loaded: \u001b[35mhexo-generator-index\u001b[39m","time":"2020-02-10T10:47:04.246Z","v":0}
{"name":"hexo","hostname":"iZfc2jtst7vunbZ","pid":2788,"level":20,"msg":"Plugin loaded: \u001b[35mhexo-generator-searchdb\u001b[39m","time":"2020-02-10T10:47:04.249Z","v":0}
{"name":"hexo","hostname":"iZfc2jtst7vunbZ","pid":2788,"level":20,"msg":"Plugin loaded: \u001b[35mhexo-generator-tag\u001b[39m","time":"2020-02-10T10:47:04.252Z","v":0}
{"name":"hexo","hostname":"iZfc2jtst7vunbZ","pid":2788,"level":20,"msg":"Plugin loaded: \u001b[35mhexo-renderer-ejs\u001b[39m","time":"2020-02-10T10:47:04.257Z","v":0}
{"name":"hexo","hostname":"iZfc2jtst7vunbZ","pid":2788,"level":20,"msg":"Plugin loaded: \u001b[35mhexo-renderer-marked\u001b[39m","time":"2020-02-10T10:47:04.338Z","v":0}
{"name":"hexo","hostname":"iZfc2jtst7vunbZ","pid":2788,"level":20,"msg":"Plugin loaded: \u001b[35mhexo-renderer-stylus\u001b[39m","time":"2020-02-10T10:47:04.498Z","v":0}
{"name":"hexo","hostname":"iZfc2jtst7vunbZ","pid":2788,"level":20,"msg":"Plugin loaded: \u001b[35mhexo-server\u001b[39m","time":"2020-02-10T10:47:04.621Z","v":0}
{"name":"hexo","hostname":"iZfc2jtst7vunbZ","pid":2788,"level":20,"msg":"Plugin loaded: \u001b[35mhexo-symbols-count-time\u001b[39m","time":"2020-02-10T10:47:04.660Z","v":0}
{"name":"hexo","hostname":"iZfc2jtst7vunbZ","pid":2788,"level":20,"msg":"Plugin loaded: \u001b[35mhexo-tag-aplayer\u001b[39m","time":"2020-02-10T10:47:05.217Z","v":0}
{"name":"hexo","hostname":"iZfc2jtst7vunbZ","pid":2788,"level":20,"msg":"Script loaded: \u001b[35mthemes\\next\\scripts\\events\\index.js\u001b[39m","time":"2020-02-10T10:47:05.248Z","v":0}
{"name":"hexo","hostname":"iZfc2jtst7vunbZ","pid":2788,"level":20,"msg":"Script loaded: \u001b[35mthemes\\next\\scripts\\events\\lib\\config.js\u001b[39m","time":"2020-02-10T10:47:05.264Z","v":0}
{"name":"hexo","hostname":"iZfc2jtst7vunbZ","pid":2788,"level":20,"msg":"Script loaded: \u001b[35mthemes\\next\\scripts\\events\\lib\\injects-point.js\u001b[39m","time":"2020-02-10T10:47:05.264Z","v":0}
{"name":"hexo","hostname":"iZfc2jtst7vunbZ","pid":2788,"level":20,"msg":"Script loaded: \u001b[35mthemes\\next\\scripts\\events\\lib\\injects.js\u001b[39m","time":"2020-02-10T10:47:05.264Z","v":0}
{"name":"hexo","hostname":"iZfc2jtst7vunbZ","pid":2788,"level":20,"msg":"Script loaded: \u001b[35mthemes\\next\\scripts\\filters\\comment\\changyan.js\u001b[39m","time":"2020-02-10T10:47:05.264Z","v":0}
{"name":"hexo","hostname":"iZfc2jtst7vunbZ","pid":2788,"level":20,"msg":"Script loaded: \u001b[35mthemes\\next\\scripts\\filters\\comment\\common.js\u001b[39m","time":"2020-02-10T10:47:05.264Z","v":0}
{"name":"hexo","hostname":"iZfc2jtst7vunbZ","pid":2788,"level":20,"msg":"Script loaded: \u001b[35mthemes\\next\\scripts\\filters\\comment\\default-config.js\u001b[39m","time":"2020-02-10T10:47:05.264Z","v":0}
{"name":"hexo","hostname":"iZfc2jtst7vunbZ","pid":2788,"level":20,"msg":"Script loaded: \u001b[35mthemes\\next\\scripts\\filters\\comment\\disqus.js\u001b[39m","time":"2020-02-10T10:47:05.264Z","v":0}
{"name":"hexo","hostname":"iZfc2jtst7vunbZ","pid":2788,"level":20,"msg":"Script loaded: \u001b[35mthemes\\next\\scripts\\filters\\comment\\disqusjs.js\u001b[39m","time":"2020-02-10T10:47:05.264Z","v":0}
{"name":"hexo","hostname":"iZfc2jtst7vunbZ","pid":2788,"level":20,"msg":"Script loaded: \u001b[35mthemes\\next\\scripts\\filters\\comment\\gitalk.js\u001b[39m","time":"2020-02-10T10:47:05.264Z","v":0}
{"name":"hexo","hostname":"iZfc2jtst7vunbZ","pid":2788,"level":20,"msg":"Script loaded: \u001b[35mthemes\\next\\scripts\\filters\\comment\\livere.js\u001b[39m","time":"2020-02-10T10:47:05.264Z","v":0}
{"name":"hexo","hostname":"iZfc2jtst7vunbZ","pid":2788,"level":20,"msg":"Script loaded: \u001b[35mthemes\\next\\scripts\\filters\\comment\\valine.js\u001b[39m","time":"2020-02-10T10:47:05.279Z","v":0}
{"name":"hexo","hostname":"iZfc2jtst7vunbZ","pid":2788,"level":20,"msg":"Script loaded: \u001b[35mthemes\\next\\scripts\\filters\\default-injects.js\u001b[39m","time":"2020-02-10T10:47:05.279Z","v":0}
{"name":"hexo","hostname":"iZfc2jtst7vunbZ","pid":2788,"level":20,"msg":"Script loaded: \u001b[35mthemes\\next\\scripts\\filters\\front-matter.js\u001b[39m","time":"2020-02-10T10:47:05.279Z","v":0}
{"name":"hexo","hostname":"iZfc2jtst7vunbZ","pid":2788,"level":20,"msg":"Script loaded: \u001b[35mthemes\\next\\scripts\\filters\\locals.js\u001b[39m","time":"2020-02-10T10:47:05.279Z","v":0}
{"name":"hexo","hostname":"iZfc2jtst7vunbZ","pid":2788,"level":20,"msg":"Script loaded: \u001b[35mthemes\\next\\scripts\\filters\\minify.js\u001b[39m","time":"2020-02-10T10:47:05.279Z","v":0}
{"name":"hexo","hostname":"iZfc2jtst7vunbZ","pid":2788,"level":20,"msg":"Script loaded: \u001b[35mthemes\\next\\scripts\\filters\\post.js\u001b[39m","time":"2020-02-10T10:47:05.279Z","v":0}
{"name":"hexo","hostname":"iZfc2jtst7vunbZ","pid":2788,"level":20,"msg":"Script loaded: \u001b[35mthemes\\next\\scripts\\helpers\\engine.js\u001b[39m","time":"2020-02-10T10:47:05.279Z","v":0}
{"name":"hexo","hostname":"iZfc2jtst7vunbZ","pid":2788,"level":20,"msg":"Script loaded: \u001b[35mthemes\\next\\scripts\\helpers\\font.js\u001b[39m","time":"2020-02-10T10:47:05.279Z","v":0}
{"name":"hexo","hostname":"iZfc2jtst7vunbZ","pid":2788,"level":20,"msg":"Script loaded: \u001b[35mthemes\\next\\scripts\\helpers\\next-url.js\u001b[39m","time":"2020-02-10T10:47:05.279Z","v":0}
{"name":"hexo","hostname":"iZfc2jtst7vunbZ","pid":2788,"level":20,"msg":"Script loaded: \u001b[35mthemes\\next\\scripts\\renderer.js\u001b[39m","time":"2020-02-10T10:47:05.279Z","v":0}
{"name":"hexo","hostname":"iZfc2jtst7vunbZ","pid":2788,"level":20,"msg":"Script loaded: \u001b[35mthemes\\next\\scripts\\tags\\button.js\u001b[39m","time":"2020-02-10T10:47:05.311Z","v":0}
{"name":"hexo","hostname":"iZfc2jtst7vunbZ","pid":2788,"level":20,"msg":"Script loaded: \u001b[35mthemes\\next\\scripts\\tags\\caniuse.js\u001b[39m","time":"2020-02-10T10:47:05.311Z","v":0}
{"name":"hexo","hostname":"iZfc2jtst7vunbZ","pid":2788,"level":20,"msg":"Script loaded: \u001b[35mthemes\\next\\scripts\\tags\\center-quote.js\u001b[39m","time":"2020-02-10T10:47:05.311Z","v":0}
{"name":"hexo","hostname":"iZfc2jtst7vunbZ","pid":2788,"level":20,"msg":"Script loaded: \u001b[35mthemes\\next\\scripts\\tags\\group-pictures.js\u001b[39m","time":"2020-02-10T10:47:05.311Z","v":0}
{"name":"hexo","hostname":"iZfc2jtst7vunbZ","pid":2788,"level":20,"msg":"Script loaded: \u001b[35mthemes\\next\\scripts\\tags\\label.js\u001b[39m","time":"2020-02-10T10:47:05.311Z","v":0}
{"name":"hexo","hostname":"iZfc2jtst7vunbZ","pid":2788,"level":20,"msg":"Script loaded: \u001b[35mthemes\\next\\scripts\\tags\\mermaid.js\u001b[39m","time":"2020-02-10T10:47:05.326Z","v":0}
{"name":"hexo","hostname":"iZfc2jtst7vunbZ","pid":2788,"level":20,"msg":"Script loaded: \u001b[35mthemes\\next\\scripts\\tags\\note.js\u001b[39m","time":"2020-02-10T10:47:05.326Z","v":0}
{"name":"hexo","hostname":"iZfc2jtst7vunbZ","pid":2788,"level":20,"msg":"Script loaded: \u001b[35mthemes\\next\\scripts\\tags\\pdf.js\u001b[39m","time":"2020-02-10T10:47:05.326Z","v":0}
{"name":"hexo","hostname":"iZfc2jtst7vunbZ","pid":2788,"level":20,"msg":"Script loaded: \u001b[35mthemes\\next\\scripts\\tags\\tabs.js\u001b[39m","time":"2020-02-10T10:47:05.326Z","v":0}
{"name":"hexo","hostname":"iZfc2jtst7vunbZ","pid":2788,"level":20,"msg":"Script loaded: \u001b[35mthemes\\next\\scripts\\tags\\video.js\u001b[39m","time":"2020-02-10T10:47:05.326Z","v":0}
